<?xml version="1.0" encoding="UTF-8"?>
<testng-results skipped="0" failed="0" ignored="0" total="1" passed="1">
  <reporter-output>
  </reporter-output>
  <suite name="tests.TestReporte" duration-ms="45011" started-at="2021-02-01T04:20:12Z" finished-at="2021-02-01T04:20:57Z">
    <groups>
    </groups>
    <test name="Command line test" duration-ms="45011" started-at="2021-02-01T04:20:12Z" finished-at="2021-02-01T04:20:57Z">
      <class name="tests.TestReporte">
        <test-method status="PASS" signature="setUp()[pri:0, instance:tests.TestReporte@62043840]" name="setUp" is-config="true" duration-ms="11457" started-at="2021-02-01T04:20:12Z" finished-at="2021-02-01T04:20:23Z">
          <reporter-output>
          </reporter-output>
        </test-method> <!-- setUp -->
        <test-method status="PASS" signature="reportes()[pri:0, instance:tests.TestReporte@62043840]" name="reportes" duration-ms="32831" started-at="2021-02-01T04:20:23Z" finished-at="2021-02-01T04:20:56Z">
          <reporter-output>
          </reporter-output>
        </test-method> <!-- reportes -->
        <test-method status="PASS" signature="tearDown()[pri:0, instance:tests.TestReporte@62043840]" name="tearDown" is-config="true" duration-ms="696" started-at="2021-02-01T04:20:56Z" finished-at="2021-02-01T04:20:57Z">
          <reporter-output>
          </reporter-output>
        </test-method> <!-- tearDown -->
      </class> <!-- tests.TestReporte -->
    </test> <!-- Command line test -->
  </suite> <!-- tests.TestReporte -->
</testng-results>
