<?xml version="1.0" encoding="UTF-8"?>
<testng-results skipped="0" failed="0" ignored="0" total="1" passed="1">
  <reporter-output>
  </reporter-output>
  <suite name="tests.TestReporte" duration-ms="50865" started-at="2021-02-01T04:10:00Z" finished-at="2021-02-01T04:10:51Z">
    <groups>
    </groups>
    <test name="Command line test" duration-ms="50865" started-at="2021-02-01T04:10:00Z" finished-at="2021-02-01T04:10:51Z">
      <class name="tests.TestReporte">
        <test-method status="PASS" signature="setUp()[pri:0, instance:tests.TestReporte@62043840]" name="setUp" is-config="true" duration-ms="15667" started-at="2021-02-01T04:10:01Z" finished-at="2021-02-01T04:10:16Z">
          <reporter-output>
          </reporter-output>
        </test-method> <!-- setUp -->
        <test-method status="PASS" signature="reportes()[pri:0, instance:tests.TestReporte@62043840]" name="reportes" duration-ms="34398" started-at="2021-02-01T04:10:16Z" finished-at="2021-02-01T04:10:51Z">
          <reporter-output>
          </reporter-output>
        </test-method> <!-- reportes -->
        <test-method status="PASS" signature="tearDown()[pri:0, instance:tests.TestReporte@62043840]" name="tearDown" is-config="true" duration-ms="753" started-at="2021-02-01T04:10:51Z" finished-at="2021-02-01T04:10:51Z">
          <reporter-output>
          </reporter-output>
        </test-method> <!-- tearDown -->
      </class> <!-- tests.TestReporte -->
    </test> <!-- Command line test -->
  </suite> <!-- tests.TestReporte -->
</testng-results>
